Command line:
   jc_block_tb_isim_beh.exe
     -simmode  gui
     -simrunnum  0
<<<<<<< HEAD
     -socket  4453

Tue Sep 10 03:08:40 2019


 Elaboration Time: 0.0625 sec

 Current Memory Usage: 5476.52 Meg
=======
     -socket  53582

Tue Sep 10 15:08:28 2019


 Elaboration Time: 0.15625 sec

 Current Memory Usage: 1027.59 Meg
>>>>>>> 33d4a7707af5bb8cf2d1e73e4de8497d6baf2b41

 Total Signals          : 35
 Total Nets             : 131
 Total Signal Drivers   : 25
 Total Blocks           : 3
 Total Primitive Blocks : 2
 Total Processes        : 29
 Total Traceable Variables  : 29
 Total Scalar Nets and Variables : 274
<<<<<<< HEAD

 Total Simulation Time: 0.109375 sec

 Current Memory Usage: 4690.09 Meg

Tue Sep 10 03:11:44 2019
=======
Total Line Count : 65

 Total Simulation Time: 0.15625 sec

 Current Memory Usage: 712.958 Meg

Tue Sep 10 15:09:35 2019
>>>>>>> 33d4a7707af5bb8cf2d1e73e4de8497d6baf2b41

