INFO:sim:172 - Generating IP...
Resolving generics for 'prog_mem'...
Applying external generics to 'prog_mem'...
Delivering associated files for 'prog_mem'...
Delivering EJava files for 'prog_mem'...
Generating implementation netlist for 'prog_mem'...
INFO:sim - Pre-processing HDL files for 'prog_mem'...
Running synthesis for 'prog_mem'
Running ngcbuild...
Writing VEO instantiation template for 'prog_mem'...
Writing Verilog behavioral simulation model for 'prog_mem'...
WARNING:sim - Overwriting existing file
   C:/Users/student/Desktop/Tue_03_MIPS/PM_Block/ipcore_dir/tmp/_cg/prog_mem/doc
   /blk_mem_gen_v7_3_vinfo.html with file from view xilinx_documentation
Delivered 1 file into directory
C:/Users/student/Desktop/Tue_03_MIPS/PM_Block/ipcore_dir/tmp/_cg/prog_mem
Generating ASY schematic symbol...
INFO:sim:949 - Finished generation of ASY schematic symbol.
Generating SYM schematic symbol for 'prog_mem'...
Generating metadata file...
Generating ISE project file for 'prog_mem'...
Generating ISE project...
XCO file found: prog_mem.xco
XMDF file found: prog_mem_xmdf.tcl
Adding
C:/Users/student/Desktop/Tue_03_MIPS/PM_Block/ipcore_dir/tmp/_cg/prog_mem.asy
-view all -origin_type imported
Adding
C:/Users/student/Desktop/Tue_03_MIPS/PM_Block/ipcore_dir/tmp/_cg/prog_mem.ngc
-view all -origin_type created
Checking file
"C:/Users/student/Desktop/Tue_03_MIPS/PM_Block/ipcore_dir/tmp/_cg/prog_mem.ngc"
for project device match ...
File
"C:/Users/student/Desktop/Tue_03_MIPS/PM_Block/ipcore_dir/tmp/_cg/prog_mem.ngc"
device information matches project device.
Adding
C:/Users/student/Desktop/Tue_03_MIPS/PM_Block/ipcore_dir/tmp/_cg/prog_mem.sym
-view all -origin_type imported
Adding
C:/Users/student/Desktop/Tue_03_MIPS/PM_Block/ipcore_dir/tmp/_cg/prog_mem.v
-view all -origin_type created
INFO:HDLCompiler:1845 - Analyzing Verilog file
   "C:/Users/student/Desktop/Tue_03_MIPS/PM_Block/ipcore_dir/tmp/_cg/prog_mem.v"
   into library work
INFO:ProjectMgmt - Parsing design hierarchy completed successfully.
Adding
C:/Users/student/Desktop/Tue_03_MIPS/PM_Block/ipcore_dir/tmp/_cg/prog_mem.veo
-view all -origin_type imported
INFO:TclTasksC:2116 - The automatic calculation of top has been turned-off.
   Please set the new top explicitly by running the "project set top" command.
   To re-calculate the new top automatically, set the "Auto Implementation Top"
   property to true.
Top level has been set to "/prog_mem"
Generating README file...
Generating FLIST file...
INFO:sim:948 - Finished FLIST file generation.
Launching README viewer...
Moving files to output directory...
Finished moving files to output directory
Wrote CGP file for project 'prog_mem'.
