INFO:sim:172 - Generating IP...
Resolving generics for 'prog_mem1'...
Applying external generics to 'prog_mem1'...
Delivering associated files for 'prog_mem1'...
Delivering EJava files for 'prog_mem1'...
Generating implementation netlist for 'prog_mem1'...
INFO:sim - Pre-processing HDL files for 'prog_mem1'...
Running synthesis for 'prog_mem1'
Running ngcbuild...
Writing VEO instantiation template for 'prog_mem1'...
Writing Verilog behavioral simulation model for 'prog_mem1'...
WARNING:sim - Overwriting existing file
   C:/Users/patel/Desktop/CLG/Arpit/co_lab/co_lab/Tue_03_MIPS/Tue_03_MIPS/ipcore
   _dir/tmp/_cg/prog_mem1/doc/blk_mem_gen_v7_3_vinfo.html with file from view
   xilinx_documentation
Delivered 1 file into directory
C:/Users/patel/Desktop/CLG/Arpit/co_lab/co_lab/Tue_03_MIPS/Tue_03_MIPS/ipcore_di
r/tmp/_cg/prog_mem1
Generating ASY schematic symbol...
INFO:sim:949 - Finished generation of ASY schematic symbol.
Generating SYM schematic symbol for 'prog_mem1'...
Generating metadata file...
Generating ISE project file for 'prog_mem1'...
Generating ISE project...
XCO file found: prog_mem1.xco
XMDF file found: prog_mem1_xmdf.tcl
Adding
C:/Users/patel/Desktop/CLG/Arpit/co_lab/co_lab/Tue_03_MIPS/Tue_03_MIPS/ipcore_di
r/tmp/_cg/prog_mem1.asy -view all -origin_type imported
Adding
C:/Users/patel/Desktop/CLG/Arpit/co_lab/co_lab/Tue_03_MIPS/Tue_03_MIPS/ipcore_di
r/tmp/_cg/prog_mem1.ngc -view all -origin_type created
Checking file
"C:/Users/patel/Desktop/CLG/Arpit/co_lab/co_lab/Tue_03_MIPS/Tue_03_MIPS/ipcore_d
ir/tmp/_cg/prog_mem1.ngc" for project device match ...
File
"C:/Users/patel/Desktop/CLG/Arpit/co_lab/co_lab/Tue_03_MIPS/Tue_03_MIPS/ipcore_d
ir/tmp/_cg/prog_mem1.ngc" device information matches project device.
Adding
C:/Users/patel/Desktop/CLG/Arpit/co_lab/co_lab/Tue_03_MIPS/Tue_03_MIPS/ipcore_di
r/tmp/_cg/prog_mem1.sym -view all -origin_type imported
Adding
C:/Users/patel/Desktop/CLG/Arpit/co_lab/co_lab/Tue_03_MIPS/Tue_03_MIPS/ipcore_di
r/tmp/_cg/prog_mem1.v -view all -origin_type created
INFO:HDLCompiler:1845 - Analyzing Verilog file
   "C:/Users/patel/Desktop/CLG/Arpit/co_lab/co_lab/Tue_03_MIPS/Tue_03_MIPS/ipcor
   e_dir/tmp/_cg/prog_mem1.v" into library work
INFO:ProjectMgmt - Parsing design hierarchy completed successfully.
Adding
C:/Users/patel/Desktop/CLG/Arpit/co_lab/co_lab/Tue_03_MIPS/Tue_03_MIPS/ipcore_di
r/tmp/_cg/prog_mem1.veo -view all -origin_type imported
INFO:TclTasksC:2116 - The automatic calculation of top has been turned-off.
   Please set the new top explicitly by running the "project set top" command.
   To re-calculate the new top automatically, set the "Auto Implementation Top"
   property to true.
Top level has been set to "/prog_mem1"
Generating README file...
Generating FLIST file...
INFO:sim:948 - Finished FLIST file generation.
Launching README viewer...
Moving files to output directory...
Finished moving files to output directory
Wrote CGP file for project 'prog_mem1'.
