Command line:
   execution_block_tb_isim_beh.exe
     -simmode  gui
     -simrunnum  0
     -socket  53282

Tue Sep 03 12:45:20 2019


 Elaboration Time: 0.1875 sec

 Current Memory Usage: 870.322 Meg

 Total Signals          : 26
 Total Nets             : 151
 Total Signal Drivers   : 19
 Total Blocks           : 3
 Total Primitive Blocks : 2
 Total Processes        : 24
 Total Traceable Variables  : 28
 Total Scalar Nets and Variables : 337
Total Line Count : 99

 Total Simulation Time: 0.1875 sec

 Current Memory Usage: 870.322 Meg

Tue Sep 03 12:45:37 2019

