Command line:
   stall_control_block_tb_isim_beh.exe
     -simmode  gui
     -simrunnum  0
     -socket  64124

Tue Sep 03 16:05:11 2019


 Elaboration Time: 0.171875 sec

 Current Memory Usage: 870.326 Meg

 Total Signals          : 26
 Total Nets             : 30
 Total Signal Drivers   : 17
 Total Blocks           : 3
 Total Primitive Blocks : 2
 Total Processes        : 21
 Total Traceable Variables  : 25
 Total Scalar Nets and Variables : 122
Total Line Count : 47

 Total Simulation Time: 24.4688 sec

 Current Memory Usage: 870.326 Meg

Tue Sep 03 16:05:37 2019

