Command line:
   MIPS_tb_isim_beh.exe
     -simmode  gui
     -simrunnum  0
     -socket  53537

Tue Oct 15 14:32:46 2019


 Elaboration Time: 0.1875 sec

 Current Memory Usage: 887.214 Meg

 Total Signals          : 466
 Total Nets             : 1948
 Total Signal Drivers   : 227
 Total Blocks           : 45
 Total Primitive Blocks : 35
 Total Processes        : 259
 Total Traceable Variables  : 695
 Total Scalar Nets and Variables : 3708137
Total Line Count : 999

 Total Simulation Time: 0.328125 sec

 Current Memory Usage: 887.181 Meg

Tue Oct 15 14:33:44 2019

